0 info it worked if it ends with ok
1 verbose cli [ 'C:\\Program Files\\nodejs\\node.exe',
1 verbose cli   'C:\\Users\\BAJ30791\\AppData\\Roaming\\npm\\node_modules\\npm\\bin\\npm-cli.js',
1 verbose cli   'run',
1 verbose cli   'db' ]
2 info using npm@3.10.6
3 info using node@v8.4.0
4 verbose run-script [ 'predb', 'db', 'postdb' ]
5 info lifecycle bit@1.0.0~predb: bit@1.0.0
6 silly lifecycle bit@1.0.0~predb: no script for predb, continuing
7 info lifecycle bit@1.0.0~db: bit@1.0.0
8 verbose lifecycle bit@1.0.0~db: unsafe-perm in lifecycle true
9 verbose lifecycle bit@1.0.0~db: PATH: C:\Users\BAJ30791\AppData\Roaming\npm\node_modules\npm\bin\node-gyp-bin;C:\Users\BAJ30791\BIT\node_modules\.bin;C:\Program Files\Teradata\Client\14.10\AXSMOD\;C:\Program Files\Teradata\Client\14.10\AXSMOD\;C:\Program Files (x86)\Teradata\Client\14.10\AXSMOD\;C:\Program Files (x86)\Teradata\Client\14.10\bin\;C:\Program Files\Teradata\Client\14.10\ODBC Driver for Teradata nt-x8664\Lib;C:\Program Files (x86)\Teradata\Client\14.10\ODBC Driver for Teradata\Lib;C:\Program Files\Teradata\Client\14.10\bin;C:\Program Files (x86)\Teradata\Client\14.10\bin;C:\ProgramData\Oracle\Java\javapath;C:\Program Files\Common Files\Microsoft Shared\Windows Live;C:\Program Files (x86)\Common Files\Microsoft Shared\Windows Live;C:\Program Files (x86)\Intel\iCLS Client\;C:\Program Files\Intel\iCLS Client\;c:\Program Files (x86)\CA\SC\CAWIN\;C:\Windows\system32;C:\Windows;C:\Windows\System32\Wbem;C:\Windows\System32\WindowsPowerShell\v1.0\;c:\Program Files (x86)\CA\SC\Csam\SockAdapter\bin;c:\Program Files (x86)\CA\DSM\bin;c:\Program Files (x86)\CA\SC\CBB\;c:\PROGRA~2\CA\SC\CAM\bin;d:\Program Files\IBM\Trace Facility;C:\Program Files (x86)\EPSON\BankDriver\;C:\Program Files\Intel\Intel(R) Management Engine Components\DAL;C:\Program Files\Intel\Intel(R) Management Engine Components\IPT;C:\Program Files (x86)\Intel\Intel(R) Management Engine Components\DAL;C:\Program Files (x86)\Intel\Intel(R) Management Engine Components\IPT;C:\Program Files\IBM\Trace Facility;C:\PCOM5;C:\Program Files (x86)\Git\cmd;C:\Users\BAJ30791\apache-maven-3.3.3\bin;C:\Users\BAJ30791\apache-tomcat-8.0.24\bin;C:\Users\BAJ30791\gradle-2.2.1\bin;C:\Program Files\MongoDB\Server\3.0\bin\;C:\Program Files (x86)\Windows Live\Shared;C:\Program Files\Git\cmd;C:\Program Files\nodejs\;C:\Program Files (x86)\Microsoft VS Code\bin;C:\Users\BAJ30791\AppData\Roaming\npm
10 verbose lifecycle bit@1.0.0~db: CWD: C:\Users\BAJ30791\BIT
11 silly lifecycle bit@1.0.0~db: Args: [ '/d /s /c', 'mongod --dbpath ./db' ]
12 silly lifecycle bit@1.0.0~db: Returned: code: 12  signal: null
13 info lifecycle bit@1.0.0~db: Failed to exec db script
14 verbose stack Error: bit@1.0.0 db: `mongod --dbpath ./db`
14 verbose stack Exit status 12
14 verbose stack     at EventEmitter.<anonymous> (C:\Users\BAJ30791\AppData\Roaming\npm\node_modules\npm\lib\utils\lifecycle.js:255:16)
14 verbose stack     at emitTwo (events.js:125:13)
14 verbose stack     at EventEmitter.emit (events.js:213:7)
14 verbose stack     at ChildProcess.<anonymous> (C:\Users\BAJ30791\AppData\Roaming\npm\node_modules\npm\lib\utils\spawn.js:40:14)
14 verbose stack     at emitTwo (events.js:125:13)
14 verbose stack     at ChildProcess.emit (events.js:213:7)
14 verbose stack     at maybeClose (internal/child_process.js:927:16)
14 verbose stack     at Process.ChildProcess._handle.onexit (internal/child_process.js:211:5)
15 verbose pkgid bit@1.0.0
16 verbose cwd C:\Users\BAJ30791\BIT
17 error Windows_NT 6.1.7601
18 error argv "C:\\Program Files\\nodejs\\node.exe" "C:\\Users\\BAJ30791\\AppData\\Roaming\\npm\\node_modules\\npm\\bin\\npm-cli.js" "run" "db"
19 error node v8.4.0
20 error npm  v3.10.6
21 error code ELIFECYCLE
22 error bit@1.0.0 db: `mongod --dbpath ./db`
22 error Exit status 12
23 error Failed at the bit@1.0.0 db script 'mongod --dbpath ./db'.
23 error Make sure you have the latest version of node.js and npm installed.
23 error If you do, this is most likely a problem with the bit package,
23 error not with npm itself.
23 error Tell the author that this fails on your system:
23 error     mongod --dbpath ./db
23 error You can get information on how to open an issue for this project with:
23 error     npm bugs bit
23 error Or if that isn't available, you can get their info via:
23 error     npm owner ls bit
23 error There is likely additional logging output above.
24 verbose exit [ 1, true ]
